<?xml version="1.0" encoding="UTF-8"?>
<!-- Generated by org.testng.reporters.JUnitReportReporter -->
<testsuite hostname="DESKTOP-Q9QPMP0" failures="0" tests="1" name="practiceTests" time="0.088" errors="0" timestamp="2024-06-02T08:10:43 IST" skipped="0">
  <testcase classname="practiceTests" name="m1" time="0.088"/>
  <system-out/>
</testsuite> <!-- practiceTests -->
