<?xml version="1.0" encoding="UTF-8"?>
<!-- Generated by org.testng.reporters.JUnitReportReporter -->
<testsuite hostname="DESKTOP-Q9QPMP0" failures="0" tests="1" name="StepDefinitions.DriverManage" time="6.134" errors="0" timestamp="2024-05-28T10:21:58 IST" skipped="0">
  <testcase classname="StepDefinitions.DriverManage" name="test" time="6.134"/>
  <system-out/>
</testsuite> <!-- StepDefinitions.DriverManage -->
