<?xml version="1.0" encoding="UTF-8"?>
<!-- Generated by org.testng.reporters.JUnitReportReporter -->
<testsuite hostname="DESKTOP-Q9QPMP0" failures="0" tests="1" name="runner.runner" time="5.382" errors="0" timestamp="2024-06-01T18:37:24 IST" skipped="0">
  <testcase classname="runner.runner" name="runScenario" time="5.382"/>
  <system-out/>
</testsuite> <!-- runner.runner -->
